<?xml version="1.0" encoding="UTF-8"?>
<!-- Generated by org.testng.reporters.JUnitXMLReporter -->
<testsuite ignored="0" hostname="DESKTOP-ATKLMDH" failures="1" tests="5" name="Test" time="39.384" errors="0" timestamp="2024-07-11T18:13:17 IST">
  <testcase classname="TestLayer.LoginTest" name="validateLoginFunctionality" time="5.092"/>
  <testcase classname="TestLayer.HomepageTest" name="validateUserOnHomePage" time="2.893"/>
  <testcase classname="TestLayer.HomepageTest" name="validateTitle" time="0.009"/>
  <testcase classname="TestLayer.HomepageTest" name="validateUrl" time="0.009"/>
  <testcase classname="TestLayer.HomepageTest" name="validateLogo" time="4.565">
    <failure type="java.lang.AssertionError" message="expected [true] but found [false]">
      <![CDATA[java.lang.AssertionError: expected [true] but found [false]
at TestLayer.HomepageTest.validateLogo(HomepageTest.java:35)
at java.base/java.util.ArrayList.forEach(ArrayList.java:1541)
... Removed 35 stack frames]]>
    </failure>
  </testcase> <!-- validateLogo -->
</testsuite> <!-- Test -->
